\BOOKMARK [1][-]{section.1}{Introduction}{}% 1
\BOOKMARK [2][-]{subsection.1.1}{Stable quasimaps.}{section.1}% 2
\BOOKMARK [2][-]{subsection.1.2}{Relative stable maps.}{section.1}% 3
\BOOKMARK [2][-]{subsection.1.3}{Relative stable quasimaps.}{section.1}% 4
\BOOKMARK [2][-]{subsection.1.4}{Table of notation.}{section.1}% 5
\BOOKMARK [1][-]{section.2}{Relative stable quasimaps}{}% 6
\BOOKMARK [2][-]{subsection.2.1}{Review of absolute stable quasimaps.}{section.2}% 7
\BOOKMARK [2][-]{subsection.2.2}{Review of relative stable maps.}{section.2}% 8
\BOOKMARK [2][-]{subsection.2.3}{Definition of relative stable quasimaps.}{section.2}% 9
\BOOKMARK [1][-]{section.3}{Recursion formula for PN relative a hyperplane}{}% 10
\BOOKMARK [2][-]{subsection.3.1}{Basic properties of the moduli space.}{section.3}% 11
\BOOKMARK [2][-]{subsection.3.2}{Proof of the recursion formula.}{section.3}% 12
\BOOKMARK [1][-]{section.4}{Recursion formula in the general case}{}% 13
\BOOKMARK [2][-]{subsection.4.1}{The virtual class on the space of relative quasimaps.}{section.4}% 14
\BOOKMARK [2][-]{subsection.4.2}{Relative spaces pull back.}{section.4}% 15
\BOOKMARK [2][-]{subsection.4.3}{Comb loci pull back.}{section.4}% 16
\BOOKMARK [1][-]{section.5}{A Lefschetz-type theorem for quasimaps}{}% 17
\BOOKMARK [2][-]{subsection.5.1}{General quasimap Lefschetz theorem.}{section.5}% 18
\BOOKMARK [2][-]{subsection.5.2}{A mirror theorem for quasimap invariants.}{section.5}% 19
\BOOKMARK [2][-]{subsection.5.3}{Setup.}{section.5}% 20
\BOOKMARK [2][-]{subsection.5.4}{Generating functions for quasimap invariants.}{section.5}% 21
\BOOKMARK [2][-]{subsection.5.5}{Quasimap Lefschetz formula.}{section.5}% 22
\BOOKMARK [2][-]{subsection.5.6}{Comparison with the work of Ciocan-Fontanine and Kim.}{section.5}% 23
\BOOKMARK [1][-]{appendix.A}{Appendix A. Intersection-theoretic lemmas}{}% 24
\BOOKMARK [1][-]{thm.A.2}{References}{}% 25
