\BOOKMARK [1][-]{section.1}{1. Introduction}{}% 1
\BOOKMARK [2][-]{subsection.1.1}{1.1. The aim of relative quasimap theory}{section.1}% 2
\BOOKMARK [2][-]{subsection.1.2}{1.2. Results}{section.1}% 3
\BOOKMARK [2][-]{subsection.1.3}{1.3. Plan of the paper}{section.1}% 4
\BOOKMARK [2][-]{subsection.1.4}{1.4. Future directions}{section.1}% 5
\BOOKMARK [2][-]{subsection.1.5}{1.5. Table of notation}{section.1}% 6
\BOOKMARK [1][-]{section.2}{2. Relative stable quasimaps}{}% 7
\BOOKMARK [2][-]{subsection.2.1}{2.1. Stable quasimaps}{section.2}% 8
\BOOKMARK [2][-]{subsection.2.2}{2.2. Relative stable maps}{section.2}% 9
\BOOKMARK [2][-]{subsection.2.3}{2.3. Definition of relative stable quasimaps}{section.2}% 10
\BOOKMARK [2][-]{subsection.2.4}{2.4. Basic properties of the moduli space}{section.2}% 11
\BOOKMARK [1][-]{section.3}{3. Recursion formula}{}% 12
\BOOKMARK [2][-]{subsection.3.1}{3.1. Recursion formula for \(PN,H\)}{section.3}% 13
\BOOKMARK [2][-]{subsection.3.2}{3.2. Recursion formula in the general case}{section.3}% 14
\BOOKMARK [1][-]{section.4}{4. Quasimap quantum Lefschetz theorem}{}% 15
\BOOKMARK [2][-]{subsection.4.1}{4.1. General quasimap quantum Lefschetz}{section.4}% 16
\BOOKMARK [2][-]{subsection.4.2}{4.2. A mirror theorem for quasimap invariants}{section.4}% 17
\BOOKMARK [2][-]{subsection.4.3}{4.3. Setup}{section.4}% 18
\BOOKMARK [2][-]{subsection.4.4}{4.4. Generating functions for quasimap invariants}{section.4}% 19
\BOOKMARK [2][-]{subsection.4.5}{4.5. Quasimap quantum Lefschetz formula}{section.4}% 20
\BOOKMARK [2][-]{subsection.4.6}{4.6. Comparison with the work of Ciocan-Fontanine and Kim}{section.4}% 21
\BOOKMARK [1][-]{section.5}{5. Relative wall-crossing}{}% 22
\BOOKMARK [2][-]{subsection.5.1}{5.1. Context}{section.5}% 23
\BOOKMARK [2][-]{subsection.5.2}{5.2. Comparison of relative I-functions}{section.5}% 24
\BOOKMARK [1][-]{appendix.A}{Appendix A. Intersection-theoretic lemmas}{}% 25
\BOOKMARK [1][-]{section*.1}{References}{}% 26
